/Users/msaif/Desktop/MyConsoleApp/MyConsoleApp.csproj : warning NU1701: Package 'ini-parser 2.5.2' was restored using '.NETFramework,Version=v4.6.1, .NETFramework,Version=v4.6.2, .NETFramework,Version=v4.7, .NETFramework,Version=v4.7.1, .NETFramework,Version=v4.7.2, .NETFramework,Version=v4.8, .NETFramework,Version=v4.8.1' instead of the project target framework 'net8.0'. This package may not be fully compatible with your project.
/Users/msaif/Desktop/MyConsoleApp/MyConsoleApp.csproj : warning NU1701: Package 'ini-parser 2.5.2' was restored using '.NETFramework,Version=v4.6.1, .NETFramework,Version=v4.6.2, .NETFramework,Version=v4.7, .NETFramework,Version=v4.7.1, .NETFramework,Version=v4.7.2, .NETFramework,Version=v4.8, .NETFramework,Version=v4.8.1' instead of the project target framework 'net8.0'. This package may not be fully compatible with your project.
/Users/msaif/Desktop/MyConsoleApp/PlaceBet.cs(29,66): warning CS8625: Cannot convert null literal to non-nullable reference type. [/Users/msaif/Desktop/MyConsoleApp/MyConsoleApp.csproj]
/Users/msaif/Desktop/MyConsoleApp/PlaceBet.cs(24,23): warning CS8618: Non-nullable property 'referenceId' must contain a non-null value when exiting constructor. Consider declaring the property as nullable. [/Users/msaif/Desktop/MyConsoleApp/MyConsoleApp.csproj]
/Users/msaif/Desktop/MyConsoleApp/BasicClient.cs(36,44): warning CS8600: Converting null literal or possible null value to non-nullable type. [/Users/msaif/Desktop/MyConsoleApp/MyConsoleApp.csproj]
/Users/msaif/Desktop/MyConsoleApp/DexsportSeleniumScraper.cs(30,16): warning CS8618: Non-nullable field '_driver' must contain a non-null value when exiting constructor. Consider declaring the field as nullable. [/Users/msaif/Desktop/MyConsoleApp/MyConsoleApp.csproj]
/Users/msaif/Desktop/MyConsoleApp/DexsportSeleniumScraper.cs(30,16): warning CS8618: Non-nullable field '_wait' must contain a non-null value when exiting constructor. Consider declaring the field as nullable. [/Users/msaif/Desktop/MyConsoleApp/MyConsoleApp.csproj]
/Users/msaif/Desktop/MyConsoleApp/DexsportSeleniumScraper.cs(43,16): warning CS8618: Non-nullable field '_driver' must contain a non-null value when exiting constructor. Consider declaring the field as nullable. [/Users/msaif/Desktop/MyConsoleApp/MyConsoleApp.csproj]
/Users/msaif/Desktop/MyConsoleApp/DexsportSeleniumScraper.cs(43,16): warning CS8618: Non-nullable field '_wait' must contain a non-null value when exiting constructor. Consider declaring the field as nullable. [/Users/msaif/Desktop/MyConsoleApp/MyConsoleApp.csproj]
/Users/msaif/Desktop/MyConsoleApp/DataScraperHelpers.cs(67,43): warning CS8603: Possible null reference return. [/Users/msaif/Desktop/MyConsoleApp/MyConsoleApp.csproj]
/Users/msaif/Desktop/MyConsoleApp/DataScraperHelpers.cs(70,61): warning CS8603: Possible null reference return. [/Users/msaif/Desktop/MyConsoleApp/MyConsoleApp.csproj]
/Users/msaif/Desktop/MyConsoleApp/DataScraperHelpers.cs(84,24): warning CS8603: Possible null reference return. [/Users/msaif/Desktop/MyConsoleApp/MyConsoleApp.csproj]
/Users/msaif/Desktop/MyConsoleApp/DataScraper.cs(60,45): warning CS8619: Nullability of reference types in value of type '(bool, string? RawHtmlFragment, string? DisplayName)' doesn't match target type '(bool, string, string)'. [/Users/msaif/Desktop/MyConsoleApp/MyConsoleApp.csproj]
/Users/msaif/Desktop/MyConsoleApp/DataScraper.cs(62,45): warning CS8619: Nullability of reference types in value of type '(bool, string?, string?)' doesn't match target type '(bool, string, string)'. [/Users/msaif/Desktop/MyConsoleApp/MyConsoleApp.csproj]
/Users/msaif/Desktop/MyConsoleApp/DataScraper.cs(66,41): warning CS8619: Nullability of reference types in value of type '(bool, string?, string?)' doesn't match target type '(bool, string, string)'. [/Users/msaif/Desktop/MyConsoleApp/MyConsoleApp.csproj]
/Users/msaif/Desktop/MyConsoleApp/DataScraper.cs(75,37): warning CS8619: Nullability of reference types in value of type '(bool, string?, string?)' doesn't match target type '(bool, string, string)'. [/Users/msaif/Desktop/MyConsoleApp/MyConsoleApp.csproj]
/Users/msaif/Desktop/MyConsoleApp/DataScraperHelpers.cs(182,34): warning CS8600: Converting null literal or possible null value to non-nullable type. [/Users/msaif/Desktop/MyConsoleApp/MyConsoleApp.csproj]
/Users/msaif/Desktop/MyConsoleApp/DataScraperHelpers.cs(187,35): warning CS8600: Converting null literal or possible null value to non-nullable type. [/Users/msaif/Desktop/MyConsoleApp/MyConsoleApp.csproj]
/Users/msaif/Desktop/MyConsoleApp/DataScraperHelpers.cs(189,28): warning CS8619: Nullability of reference types in value of type '(string? dob, string? hand, string jsContent)' doesn't match target type '(string dob, string hand, string jsContent)'. [/Users/msaif/Desktop/MyConsoleApp/MyConsoleApp.csproj]
/Users/msaif/Desktop/MyConsoleApp/DataScraperHelpers.cs(221,62): warning CS8619: Nullability of reference types in value of type '(string?, string?, string?)' doesn't match target type '(string dob, string hand, string jsContent)'. [/Users/msaif/Desktop/MyConsoleApp/MyConsoleApp.csproj]
/Users/msaif/Desktop/MyConsoleApp/DataScraperHelpers.cs(226,26): warning CS8600: Converting null literal or possible null value to non-nullable type. [/Users/msaif/Desktop/MyConsoleApp/MyConsoleApp.csproj]
/Users/msaif/Desktop/MyConsoleApp/DataScraperHelpers.cs(231,27): warning CS8600: Converting null literal or possible null value to non-nullable type. [/Users/msaif/Desktop/MyConsoleApp/MyConsoleApp.csproj]
/Users/msaif/Desktop/MyConsoleApp/DataScraperHelpers.cs(233,20): warning CS8619: Nullability of reference types in value of type '(string? dob, string? hand, string jsContent)' doesn't match target type '(string dob, string hand, string jsContent)'. [/Users/msaif/Desktop/MyConsoleApp/MyConsoleApp.csproj]
/Users/msaif/Desktop/MyConsoleApp/DataScraperHelpers.cs(328,42): warning CS8604: Possible null reference argument for parameter 'source' in 'IEnumerable<HtmlNode> Enumerable.Take<HtmlNode>(IEnumerable<HtmlNode> source, int count)'. [/Users/msaif/Desktop/MyConsoleApp/MyConsoleApp.csproj]
/Users/msaif/Desktop/MyConsoleApp/GetMatches.cs(111,42): warning CS8600: Converting null literal or possible null value to non-nullable type. [/Users/msaif/Desktop/MyConsoleApp/MyConsoleApp.csproj]
/Users/msaif/Desktop/MyConsoleApp/GetMatches.cs(155,29): warning CS8604: Possible null reference argument for parameter 'cutOffTime' in 'MatchModel.MatchModel(long matchId, string homePlayerName, string awayPlayerName, double? homeOdds, double? awayOdds, string cutOffTime, string marketUrl = "")'. [/Users/msaif/Desktop/MyConsoleApp/MyConsoleApp.csproj]
/Users/msaif/Desktop/MyConsoleApp/DexsportSeleniumScraper.cs(284,38): warning CS8600: Converting null literal or possible null value to non-nullable type. [/Users/msaif/Desktop/MyConsoleApp/MyConsoleApp.csproj]
/Users/msaif/Desktop/MyConsoleApp/DexsportSeleniumScraper.cs(288,30): warning CS8600: Converting null literal or possible null value to non-nullable type. [/Users/msaif/Desktop/MyConsoleApp/MyConsoleApp.csproj]
/Users/msaif/Desktop/MyConsoleApp/GetMatches.cs(19,27): warning CS8618: Non-nullable property 'currency' must contain a non-null value when exiting constructor. Consider declaring the property as nullable. [/Users/msaif/Desktop/MyConsoleApp/MyConsoleApp.csproj]
/Users/msaif/Desktop/MyConsoleApp/GetMatches.cs(20,27): warning CS8618: Non-nullable property 'eventId' must contain a non-null value when exiting constructor. Consider declaring the property as nullable. [/Users/msaif/Desktop/MyConsoleApp/MyConsoleApp.csproj]
/Users/msaif/Desktop/MyConsoleApp/GetMatches.cs(21,27): warning CS8618: Non-nullable property 'marketUrl' must contain a non-null value when exiting constructor. Consider declaring the property as nullable. [/Users/msaif/Desktop/MyConsoleApp/MyConsoleApp.csproj]
/Users/msaif/Desktop/MyConsoleApp/GetMatches.cs(22,27): warning CS8618: Non-nullable property 'price' must contain a non-null value when exiting constructor. Consider declaring the property as nullable. [/Users/msaif/Desktop/MyConsoleApp/MyConsoleApp.csproj]
/Users/msaif/Desktop/MyConsoleApp/GetMatches.cs(23,27): warning CS8618: Non-nullable property 'referenceId' must contain a non-null value when exiting constructor. Consider declaring the property as nullable. [/Users/msaif/Desktop/MyConsoleApp/MyConsoleApp.csproj]
/Users/msaif/Desktop/MyConsoleApp/GetMatches.cs(24,27): warning CS8618: Non-nullable property 'stake' must contain a non-null value when exiting constructor. Consider declaring the property as nullable. [/Users/msaif/Desktop/MyConsoleApp/MyConsoleApp.csproj]
/Users/msaif/Desktop/MyConsoleApp/MainProgram.cs(146,35): warning CS8600: Converting null literal or possible null value to non-nullable type. [/Users/msaif/Desktop/MyConsoleApp/MyConsoleApp.csproj]
/Users/msaif/Desktop/MyConsoleApp/MainProgram.cs(159,24): warning CS8603: Possible null reference return. [/Users/msaif/Desktop/MyConsoleApp/MyConsoleApp.csproj]
/Users/msaif/Desktop/MyConsoleApp/Wagering.cs(125,41): warning CS8602: Dereference of a possibly null reference. [/Users/msaif/Desktop/MyConsoleApp/MyConsoleApp.csproj]
/Users/msaif/Desktop/MyConsoleApp/Wagering.cs(239,45): warning CS8602: Dereference of a possibly null reference. [/Users/msaif/Desktop/MyConsoleApp/MyConsoleApp.csproj]
/Users/msaif/Desktop/MyConsoleApp/Wagering.cs(358,53): warning CS8600: Converting null literal or possible null value to non-nullable type. [/Users/msaif/Desktop/MyConsoleApp/MyConsoleApp.csproj]
/Users/msaif/Desktop/MyConsoleApp/Wagering.cs(361,41): warning CS8600: Converting null literal or possible null value to non-nullable type. [/Users/msaif/Desktop/MyConsoleApp/MyConsoleApp.csproj]
/Users/msaif/Desktop/MyConsoleApp/Wagering.cs(372,49): warning CS8602: Dereference of a possibly null reference. [/Users/msaif/Desktop/MyConsoleApp/MyConsoleApp.csproj]
/Users/msaif/Desktop/MyConsoleApp/Wagering.cs(426,53): warning CS8602: Dereference of a possibly null reference. [/Users/msaif/Desktop/MyConsoleApp/MyConsoleApp.csproj]
/Users/msaif/Desktop/MyConsoleApp/Wagering.cs(474,57): warning CS8602: Dereference of a possibly null reference. [/Users/msaif/Desktop/MyConsoleApp/MyConsoleApp.csproj]
/Users/msaif/Desktop/MyConsoleApp/DexsportSeleniumScraper.cs(506,82): warning CS8604: Possible null reference argument for parameter 'value' in 'object? JsonConvert.DeserializeObject(string value)'. [/Users/msaif/Desktop/MyConsoleApp/MyConsoleApp.csproj]
/Users/msaif/Desktop/MyConsoleApp/DexsportSeleniumScraper.cs(506,36): warning CS8600: Converting null literal or possible null value to non-nullable type. [/Users/msaif/Desktop/MyConsoleApp/MyConsoleApp.csproj]
/Users/msaif/Desktop/MyConsoleApp/DexsportSeleniumScraper.cs(508,65): warning CS8602: Dereference of a possibly null reference. [/Users/msaif/Desktop/MyConsoleApp/MyConsoleApp.csproj]
/Users/msaif/Desktop/MyConsoleApp/DexsportSeleniumScraper.cs(526,51): warning CS8600: Converting null literal or possible null value to non-nullable type. [/Users/msaif/Desktop/MyConsoleApp/MyConsoleApp.csproj]
/Users/msaif/Desktop/MyConsoleApp/DexsportSeleniumScraper.cs(527,44): warning CS8600: Converting null literal or possible null value to non-nullable type. [/Users/msaif/Desktop/MyConsoleApp/MyConsoleApp.csproj]
/Users/msaif/Desktop/MyConsoleApp/DexsportSeleniumScraper.cs(531,47): warning CS8600: Converting null literal or possible null value to non-nullable type. [/Users/msaif/Desktop/MyConsoleApp/MyConsoleApp.csproj]
/Users/msaif/Desktop/MyConsoleApp/DexsportSeleniumScraper.cs(546,41): warning CS8602: Dereference of a possibly null reference. [/Users/msaif/Desktop/MyConsoleApp/MyConsoleApp.csproj]
/Users/msaif/Desktop/MyConsoleApp/DexsportSeleniumScraper.cs(550,41): warning CS8602: Dereference of a possibly null reference. [/Users/msaif/Desktop/MyConsoleApp/MyConsoleApp.csproj]
/Users/msaif/Desktop/MyConsoleApp/DexsportSeleniumScraper.cs(574,59): warning CS8600: Converting null literal or possible null value to non-nullable type. [/Users/msaif/Desktop/MyConsoleApp/MyConsoleApp.csproj]
/Users/msaif/Desktop/MyConsoleApp/DexsportSeleniumScraper.cs(575,59): warning CS8600: Converting null literal or possible null value to non-nullable type. [/Users/msaif/Desktop/MyConsoleApp/MyConsoleApp.csproj]
/Users/msaif/Desktop/MyConsoleApp/DexsportSeleniumScraper.cs(576,75): warning CS8604: Possible null reference argument for parameter 'dexsportName' in 'string DexsportSeleniumScraper.ConvertNameFormat(string dexsportName)'. [/Users/msaif/Desktop/MyConsoleApp/MyConsoleApp.csproj]
/Users/msaif/Desktop/MyConsoleApp/DexsportSeleniumScraper.cs(577,75): warning CS8604: Possible null reference argument for parameter 'dexsportName' in 'string DexsportSeleniumScraper.ConvertNameFormat(string dexsportName)'. [/Users/msaif/Desktop/MyConsoleApp/MyConsoleApp.csproj]
/Users/msaif/Desktop/MyConsoleApp/DexsportSeleniumScraper.cs(599,56): warning CS8600: Converting null literal or possible null value to non-nullable type. [/Users/msaif/Desktop/MyConsoleApp/MyConsoleApp.csproj]
/Users/msaif/Desktop/MyConsoleApp/DexsportSeleniumScraper.cs(413,46): warning CS1998: This async method lacks 'await' operators and will run synchronously. Consider using the 'await' operator to await non-blocking API calls, or 'await Task.Run(...)' to do CPU-bound work on a background thread. [/Users/msaif/Desktop/MyConsoleApp/MyConsoleApp.csproj]
/Users/msaif/Desktop/MyConsoleApp/Wagering.cs(58,27): warning CS8618: Non-nullable property 'Status' must contain a non-null value when exiting constructor. Consider declaring the property as nullable. [/Users/msaif/Desktop/MyConsoleApp/MyConsoleApp.csproj]
/Users/msaif/Desktop/MyConsoleApp/Wagering.cs(26,27): warning CS8618: Non-nullable property 'Match' must contain a non-null value when exiting constructor. Consider declaring the property as nullable. [/Users/msaif/Desktop/MyConsoleApp/MyConsoleApp.csproj]
/Users/msaif/Desktop/MyConsoleApp/DexsportSeleniumScraper.cs(993,36): warning CS1998: This async method lacks 'await' operators and will run synchronously. Consider using the 'await' operator to await non-blocking API calls, or 'await Task.Run(...)' to do CPU-bound work on a background thread. [/Users/msaif/Desktop/MyConsoleApp/MyConsoleApp.csproj]
/Users/msaif/Desktop/MyConsoleApp/Utils.cs(56,48): warning CS8601: Possible null reference assignment. [/Users/msaif/Desktop/MyConsoleApp/MyConsoleApp.csproj]
/Users/msaif/Desktop/MyConsoleApp/DexsportSeleniumScraper.cs(23,47): warning CS8601: Possible null reference assignment. [/Users/msaif/Desktop/MyConsoleApp/MyConsoleApp.csproj]
/Users/msaif/Desktop/MyConsoleApp/MainProgram.cs(280,41): warning CS8602: Dereference of a possibly null reference. [/Users/msaif/Desktop/MyConsoleApp/MyConsoleApp.csproj]
/Users/msaif/Desktop/MyConsoleApp/MainProgram.cs(439,39): warning CS8600: Converting null literal or possible null value to non-nullable type. [/Users/msaif/Desktop/MyConsoleApp/MyConsoleApp.csproj]
/Users/msaif/Desktop/MyConsoleApp/MainProgram.cs(477,32): warning CS8600: Converting null literal or possible null value to non-nullable type. [/Users/msaif/Desktop/MyConsoleApp/MyConsoleApp.csproj]
/Users/msaif/Desktop/MyConsoleApp/MainProgram.cs(484,74): warning CS8604: Possible null reference argument for parameter 'driver' in 'DexsportSeleniumScraper.DexsportSeleniumScraper(IWebDriver driver, bool headless = false)'. [/Users/msaif/Desktop/MyConsoleApp/MyConsoleApp.csproj]
/Users/msaif/Desktop/MyConsoleApp/MainProgram.cs(533,82): warning CS8604: Possible null reference argument for parameter 'driver' in 'DexsportSeleniumScraper.DexsportSeleniumScraper(IWebDriver driver, bool headless = false)'. [/Users/msaif/Desktop/MyConsoleApp/MyConsoleApp.csproj]
/Users/msaif/Desktop/MyConsoleApp/MainProgram.cs(628,48): warning CS8600: Converting null literal or possible null value to non-nullable type. [/Users/msaif/Desktop/MyConsoleApp/MyConsoleApp.csproj]
/Users/msaif/Desktop/MyConsoleApp/MainProgram.cs(629,48): warning CS8600: Converting null literal or possible null value to non-nullable type. [/Users/msaif/Desktop/MyConsoleApp/MyConsoleApp.csproj]
/Users/msaif/Desktop/MyConsoleApp/MainProgram.cs(518,31): warning CS0168: The variable 'df2' is declared but never used [/Users/msaif/Desktop/MyConsoleApp/MyConsoleApp.csproj]
/Users/msaif/Desktop/MyConsoleApp/DataScraper.cs(164,35): warning CS8600: Converting null literal or possible null value to non-nullable type. [/Users/msaif/Desktop/MyConsoleApp/MyConsoleApp.csproj]
/Users/msaif/Desktop/MyConsoleApp/DataScraper.cs(165,37): warning CS8600: Converting null literal or possible null value to non-nullable type. [/Users/msaif/Desktop/MyConsoleApp/MyConsoleApp.csproj]
/Users/msaif/Desktop/MyConsoleApp/DataScraper.cs(167,41): warning CS8600: Converting null literal or possible null value to non-nullable type. [/Users/msaif/Desktop/MyConsoleApp/MyConsoleApp.csproj]
/Users/msaif/Desktop/MyConsoleApp/DataScraper.cs(173,36): warning CS8600: Converting null literal or possible null value to non-nullable type. [/Users/msaif/Desktop/MyConsoleApp/MyConsoleApp.csproj]
/Users/msaif/Desktop/MyConsoleApp/DataScraper.cs(174,75): warning CS8604: Possible null reference argument for parameter 'jsText' in 'string DataScraperHelpers.ExtractHtmlFromJs(string jsText)'. [/Users/msaif/Desktop/MyConsoleApp/MyConsoleApp.csproj]
/Users/msaif/Desktop/MyConsoleApp/DataScraper.cs(175,42): warning CS8600: Converting null literal or possible null value to non-nullable type. [/Users/msaif/Desktop/MyConsoleApp/MyConsoleApp.csproj]
/Users/msaif/Desktop/MyConsoleApp/DataScraper.cs(327,32): warning CS8600: Converting null literal or possible null value to non-nullable type. [/Users/msaif/Desktop/MyConsoleApp/MyConsoleApp.csproj]
/Users/msaif/Desktop/MyConsoleApp/DataScraper.cs(435,31): warning CS8604: Possible null reference argument for parameter 'html' in 'void HtmlDocument.LoadHtml(string html)'. [/Users/msaif/Desktop/MyConsoleApp/MyConsoleApp.csproj]
/Users/msaif/Desktop/MyConsoleApp/DataScraper.cs(480,68): warning CS8600: Converting null literal or possible null value to non-nullable type. [/Users/msaif/Desktop/MyConsoleApp/MyConsoleApp.csproj]
/Users/msaif/Desktop/MyConsoleApp/DataScraper.cs(480,74): warning CS8600: Converting null literal or possible null value to non-nullable type. [/Users/msaif/Desktop/MyConsoleApp/MyConsoleApp.csproj]
/Users/msaif/Desktop/MyConsoleApp/DataScraper.cs(480,80): warning CS8600: Converting null literal or possible null value to non-nullable type. [/Users/msaif/Desktop/MyConsoleApp/MyConsoleApp.csproj]
/Users/msaif/Desktop/MyConsoleApp/DataScraper.cs(590,59): warning CS8604: Possible null reference argument for parameter 'dobString' in 'int DataScraperHelpers.CalculateAge(string dobString)'. [/Users/msaif/Desktop/MyConsoleApp/MyConsoleApp.csproj]
/Users/msaif/Desktop/MyConsoleApp/DataScraper.cs(600,42): warning CS8600: Converting null literal or possible null value to non-nullable type. [/Users/msaif/Desktop/MyConsoleApp/MyConsoleApp.csproj]
/Users/msaif/Desktop/MyConsoleApp/DataScraper.cs(603,58): warning CS8604: Possible null reference argument for parameter 'input' in 'string Regex.Replace(string input, string pattern, string replacement)'. [/Users/msaif/Desktop/MyConsoleApp/MyConsoleApp.csproj]
/Users/msaif/Desktop/MyConsoleApp/DataScraper.cs(621,32): warning CS8604: Possible null reference argument for parameter 'item' in 'void List<string>.Add(string item)'. [/Users/msaif/Desktop/MyConsoleApp/MyConsoleApp.csproj]
/Users/msaif/Desktop/MyConsoleApp/DataScraper.cs(653,70): warning CS8604: Possible null reference argument for parameter 'tourLevelSeason' in 'bool DataScraperHelpers.PickTourLevel(HtmlNode tourLevelSeason, HtmlNode itfLevelSeason)'. [/Users/msaif/Desktop/MyConsoleApp/MyConsoleApp.csproj]
/Users/msaif/Desktop/MyConsoleApp/DataScraper.cs(653,87): warning CS8604: Possible null reference argument for parameter 'itfLevelSeason' in 'bool DataScraperHelpers.PickTourLevel(HtmlNode tourLevelSeason, HtmlNode itfLevelSeason)'. [/Users/msaif/Desktop/MyConsoleApp/MyConsoleApp.csproj]
/Users/msaif/Desktop/MyConsoleApp/MainProgram.cs(832,45): warning CS8600: Converting null literal or possible null value to non-nullable type. [/Users/msaif/Desktop/MyConsoleApp/MyConsoleApp.csproj]
/Users/msaif/Desktop/MyConsoleApp/MainProgram.cs(897,42): warning CS8602: Dereference of a possibly null reference. [/Users/msaif/Desktop/MyConsoleApp/MyConsoleApp.csproj]
/Users/msaif/Desktop/MyConsoleApp/MainProgram.cs(1076,30): warning CS8600: Converting null literal or possible null value to non-nullable type. [/Users/msaif/Desktop/MyConsoleApp/MyConsoleApp.csproj]
/Users/msaif/Desktop/MyConsoleApp/MainProgram.cs(1084,24): warning CS8603: Possible null reference return. [/Users/msaif/Desktop/MyConsoleApp/MyConsoleApp.csproj]
/Users/msaif/Desktop/MyConsoleApp/MainProgram.cs(1092,24): warning CS8603: Possible null reference return. [/Users/msaif/Desktop/MyConsoleApp/MyConsoleApp.csproj]
/Users/msaif/Desktop/MyConsoleApp/MainProgram.cs(1102,30): warning CS8604: Possible null reference argument for parameter 'item' in 'void List<string>.Add(string item)'. [/Users/msaif/Desktop/MyConsoleApp/MyConsoleApp.csproj]
/Users/msaif/Desktop/MyConsoleApp/MainProgram.cs(1103,30): warning CS8604: Possible null reference argument for parameter 'item' in 'void List<string>.Add(string item)'. [/Users/msaif/Desktop/MyConsoleApp/MyConsoleApp.csproj]
/Users/msaif/Desktop/MyConsoleApp/MainProgram.cs(31,46): warning CS8625: Cannot convert null literal to non-nullable reference type. [/Users/msaif/Desktop/MyConsoleApp/MyConsoleApp.csproj]
/Users/msaif/Desktop/MyConsoleApp/MainProgram.cs(58,24): warning CS8618: Non-nullable field 'torProcess' must contain a non-null value when exiting constructor. Consider declaring the field as nullable. [/Users/msaif/Desktop/MyConsoleApp/MyConsoleApp.csproj]
/Users/msaif/Desktop/MyConsoleApp/MainProgram.cs(58,24): warning CS0649: Field 'MainProgram.torProcess' is never assigned to, and will always have its default value null [/Users/msaif/Desktop/MyConsoleApp/MyConsoleApp.csproj]
/Users/msaif/Desktop/MyConsoleApp/DataScraper.cs(19,18): warning CS0414: The field 'DataScraper._disposed' is assigned but its value is never used [/Users/msaif/Desktop/MyConsoleApp/MyConsoleApp.csproj]
[19:06:41 INF] ================== Start ==================
[19:06:41 ERR] Error while testing auto-login: No browser instance available. Please provide a shared ChromeDriver.
Auto-login test result: False
Running live match fetch from Dexsport (this will open a ChromeDriver instance).
By default this is a dry-run and cycles will NOT be persisted unless you pass --confirm.
[19:06:41 ERR] Error fetching matches from Dexsport: No browser instance available. Please provide a shared ChromeDriver.
[19:06:41 ERR] Stack trace:    at TennisScraper.DexsportSeleniumScraper.GetMatchesAsync() in /Users/msaif/Desktop/MyConsoleApp/DexsportSeleniumScraper.cs:line 273
No matches fetched from Dexsport. Aborting.
